# JRE version: Java(TM) SE Runtime Environment (8.0_131-b11) (build 1.8.0_131-b11)
# Java VM: Java HotSpot(TM) 64-Bit Server VM (25.131-b11 mixed mode windows-amd64 compressed oops)
Heap:
 PSYoungGen      total 474624K, used 443522K [0x00000000e0000000, 0x00000000ffb80000, 0x0000000100000000)
  eden space 432128K, 100% used [0x00000000e0000000,0x00000000fa600000,0x00000000fa600000)
  from space 42496K, 26% used [0x00000000fa600000,0x00000000fb120b40,0x00000000fcf80000)
  to   space 40448K, 31% used [0x00000000fd400000,0x00000000fe05f5c8,0x00000000ffb80000)
 ParOldGen       total 572416K, used 296007K [0x00000000a0000000, 0x00000000c2f00000, 0x00000000e0000000)
  object space 572416K, 51% used [0x00000000a0000000,0x00000000b2111f70,0x00000000c2f00000)
 Metaspace       used 110891K, capacity 117628K, committed 121472K, reserved 1155072K
  class space    used 13909K, capacity 15025K, committed 15744K, reserved 1048576K
GC Heap History (10 events):
Event: 20622.541 GC heap after
Heap after GC invocations=200 (full 17):
 PSYoungGen      total 466432K, used 9169K [0x00000000e0000000, 0x00000000ffb80000, 0x0000000100000000)
  eden space 414720K, 0% used [0x00000000e0000000,0x00000000e0000000,0x00000000f9500000)
  from space 51712K, 17% used [0x00000000f9500000,0x00000000f9df4788,0x00000000fc780000)
  to   space 49664K, 0% used [0x00000000fcb00000,0x00000000fcb00000,0x00000000ffb80000)
 ParOldGen       total 572416K, used 253912K [0x00000000a0000000, 0x00000000c2f00000, 0x00000000e0000000)
  object space 572416K, 44% used [0x00000000a0000000,0x00000000af7f6090,0x00000000c2f00000)
 Metaspace       used 110848K, capacity 117552K, committed 121472K, reserved 1155072K
  class space    used 13907K, capacity 15023K, committed 15744K, reserved 1048576K
}
Event: 20622.815 GC heap before
{Heap before GC invocations=201 (full 17):
 PSYoungGen      total 466432K, used 423889K [0x00000000e0000000, 0x00000000ffb80000, 0x0000000100000000)
  eden space 414720K, 100% used [0x00000000e0000000,0x00000000f9500000,0x00000000f9500000)
  from space 51712K, 17% used [0x00000000f9500000,0x00000000f9df4788,0x00000000fc780000)
  to   space 49664K, 0% used [0x00000000fcb00000,0x00000000fcb00000,0x00000000ffb80000)
 ParOldGen       total 572416K, used 253912K [0x00000000a0000000, 0x00000000c2f00000, 0x00000000e0000000)
  object space 572416K, 44% used [0x00000000a0000000,0x00000000af7f6090,0x00000000c2f00000)
 Metaspace       used 110872K, capacity 117556K, committed 121472K, reserved 1155072K
  class space    used 13907K, capacity 15023K, committed 15744K, reserved 1048576K
Event: 20622.828 GC heap after
Heap after GC invocations=201 (full 17):
 PSYoungGen      total 470016K, used 10135K [0x00000000e0000000, 0x00000000ff900000, 0x0000000100000000)
  eden space 422912K, 0% used [0x00000000e0000000,0x00000000e0000000,0x00000000f9d00000)
  from space 47104K, 21% used [0x00000000fcb00000,0x00000000fd4e5da8,0x00000000ff900000)
  to   space 47104K, 0% used [0x00000000f9d00000,0x00000000f9d00000,0x00000000fcb00000)
 ParOldGen       total 572416K, used 259900K [0x00000000a0000000, 0x00000000c2f00000, 0x00000000e0000000)
  object space 572416K, 45% used [0x00000000a0000000,0x00000000afdcf0a0,0x00000000c2f00000)
 Metaspace       used 110872K, capacity 117556K, committed 121472K, reserved 1155072K
  class space    used 13907K, capacity 15023K, committed 15744K, reserved 1048576K
}
Event: 20623.126 GC heap before
{Heap before GC invocations=202 (full 17):
 PSYoungGen      total 470016K, used 433047K [0x00000000e0000000, 0x00000000ff900000, 0x0000000100000000)
  eden space 422912K, 100% used [0x00000000e0000000,0x00000000f9d00000,0x00000000f9d00000)
  from space 47104K, 21% used [0x00000000fcb00000,0x00000000fd4e5da8,0x00000000ff900000)
  to   space 47104K, 0% used [0x00000000f9d00000,0x00000000f9d00000,0x00000000fcb00000)
 ParOldGen       total 572416K, used 259900K [0x00000000a0000000, 0x00000000c2f00000, 0x00000000e0000000)
  object space 572416K, 45% used [0x00000000a0000000,0x00000000afdcf0a0,0x00000000c2f00000)
 Metaspace       used 110879K, capacity 117626K, committed 121472K, reserved 1155072K
  class space    used 13908K, capacity 15024K, committed 15744K, reserved 1048576K
Event: 20623.144 GC heap after
Heap after GC invocations=202 (full 17):
 PSYoungGen      total 470016K, used 15461K [0x00000000e0000000, 0x00000000ffb00000, 0x0000000100000000)
  eden space 422912K, 0% used [0x00000000e0000000,0x00000000e0000000,0x00000000f9d00000)
  from space 47104K, 32% used [0x00000000f9d00000,0x00000000fac195c0,0x00000000fcb00000)
  to   space 44544K, 0% used [0x00000000fcf80000,0x00000000fcf80000,0x00000000ffb00000)
 ParOldGen       total 572416K, used 267375K [0x00000000a0000000, 0x00000000c2f00000, 0x00000000e0000000)
  object space 572416K, 46% used [0x00000000a0000000,0x00000000b051bdb0,0x00000000c2f00000)
 Metaspace       used 110879K, capacity 117626K, committed 121472K, reserved 1155072K
  class space    used 13908K, capacity 15024K, committed 15744K, reserved 1048576K
}
Event: 20623.499 GC heap before
{Heap before GC invocations=203 (full 17):
 PSYoungGen      total 470016K, used 438373K [0x00000000e0000000, 0x00000000ffb00000, 0x0000000100000000)
  eden space 422912K, 100% used [0x00000000e0000000,0x00000000f9d00000,0x00000000f9d00000)
  from space 47104K, 32% used [0x00000000f9d00000,0x00000000fac195c0,0x00000000fcb00000)
  to   space 44544K, 0% used [0x00000000fcf80000,0x00000000fcf80000,0x00000000ffb00000)
 ParOldGen       total 572416K, used 267375K [0x00000000a0000000, 0x00000000c2f00000, 0x00000000e0000000)
  object space 572416K, 46% used [0x00000000a0000000,0x00000000b051bdb0,0x00000000c2f00000)
 Metaspace       used 110884K, capacity 117628K, committed 121472K, reserved 1155072K
  class space    used 13909K, capacity 15025K, committed 15744K, reserved 1048576K
Event: 20623.523 GC heap after
Heap after GC invocations=203 (full 17):
 PSYoungGen      total 475136K, used 11454K [0x00000000e0000000, 0x00000000ff980000, 0x0000000100000000)
  eden space 432128K, 0% used [0x00000000e0000000,0x00000000e0000000,0x00000000fa600000)
  from space 43008K, 26% used [0x00000000fcf80000,0x00000000fdaafa28,0x00000000ff980000)
  to   space 42496K, 0% used [0x00000000fa600000,0x00000000fa600000,0x00000000fcf80000)
 ParOldGen       total 572416K, used 279378K [0x00000000a0000000, 0x00000000c2f00000, 0x00000000e0000000)
  object space 572416K, 48% used [0x00000000a0000000,0x00000000b10d48b8,0x00000000c2f00000)
 Metaspace       used 110884K, capacity 117628K, committed 121472K, reserved 1155072K
  class space    used 13909K, capacity 15025K, committed 15744K, reserved 1048576K
}
Event: 20623.876 GC heap before
{Heap before GC invocations=204 (full 17):
 PSYoungGen      total 475136K, used 443582K [0x00000000e0000000, 0x00000000ff980000, 0x0000000100000000)
  eden space 432128K, 100% used [0x00000000e0000000,0x00000000fa600000,0x00000000fa600000)
  from space 43008K, 26% used [0x00000000fcf80000,0x00000000fdaafa28,0x00000000ff980000)
  to   space 42496K, 0% used [0x00000000fa600000,0x00000000fa600000,0x00000000fcf80000)
 ParOldGen       total 572416K, used 279378K [0x00000000a0000000, 0x00000000c2f00000, 0x00000000e0000000)
  object space 572416K, 48% used [0x00000000a0000000,0x00000000b10d48b8,0x00000000c2f00000)
 Metaspace       used 110887K, capacity 117628K, committed 121472K, reserved 1155072K
  class space    used 13909K, capacity 15025K, committed 15744K, reserved 1048576K
Event: 20623.893 GC heap after
Heap after GC invocations=204 (full 17):
 PSYoungGen      total 474624K, used 11394K [0x00000000e0000000, 0x00000000ffb80000, 0x0000000100000000)
  eden space 432128K, 0% used [0x00000000e0000000,0x00000000e0000000,0x00000000fa600000)
  from space 42496K, 26% used [0x00000000fa600000,0x00000000fb120b40,0x00000000fcf80000)
  to   space 40448K, 0% used [0x00000000fd400000,0x00000000fd400000,0x00000000ffb80000)
 ParOldGen       total 572416K, used 287577K [0x00000000a0000000, 0x00000000c2f00000, 0x00000000e0000000)
  object space 572416K, 50% used [0x00000000a0000000,0x00000000b18d6560,0x00000000c2f00000)
 Metaspace       used 110887K, capacity 117628K, committed 121472K, reserved 1155072K
  class space    used 13909K, capacity 15025K, committed 15744K, reserved 1048576K
}
Event: 20624.305 GC heap before
{Heap before GC invocations=205 (full 17):
 PSYoungGen      total 474624K, used 443522K [0x00000000e0000000, 0x00000000ffb80000, 0x0000000100000000)
  eden space 432128K, 100% used [0x00000000e0000000,0x00000000fa600000,0x00000000fa600000)
  from space 42496K, 26% used [0x00000000fa600000,0x00000000fb120b40,0x00000000fcf80000)
  to   space 40448K, 0% used [0x00000000fd400000,0x00000000fd400000,0x00000000ffb80000)
 ParOldGen       total 572416K, used 287577K [0x00000000a0000000, 0x00000000c2f00000, 0x00000000e0000000)
  object space 572416K, 50% used [0x00000000a0000000,0x00000000b18d6560,0x00000000c2f00000)
 Metaspace       used 110891K, capacity 117628K, committed 121472K, reserved 1155072K
  class space    used 13909K, capacity 15025K, committed 15744K, reserved 1048576K

