# JRE version: Java(TM) SE Runtime Environment (8.0_131-b11) (build 1.8.0_131-b11)
# Java VM: Java HotSpot(TM) 64-Bit Server VM (25.131-b11 mixed mode windows-amd64 compressed oops)
Heap:
 PSYoungGen      total 425984K, used 389455K [0x00000000e0000000, 0x0000000100000000, 0x0000000100000000)
  eden space 362496K, 90% used [0x00000000e0000000,0x00000000f3ebfe70,0x00000000f6200000)
  from space 63488K, 99% used [0x00000000f6200000,0x00000000f9f93e68,0x00000000fa000000)
  to   space 88576K, 0% used [0x00000000fa980000,0x00000000fa980000,0x0000000100000000)
 ParOldGen       total 575488K, used 221091K [0x00000000a0000000, 0x00000000c3200000, 0x00000000e0000000)
  object space 575488K, 38% used [0x00000000a0000000,0x00000000ad7e8d40,0x00000000c3200000)
 Metaspace       used 76357K, capacity 79838K, committed 80768K, reserved 1118208K
  class space    used 10393K, capacity 11120K, committed 11392K, reserved 1048576K
GC Heap History (10 events):
Event: 22.814 GC heap before
{Heap before GC invocations=42 (full 4):
 PSYoungGen      total 493056K, used 493029K [0x00000000e0000000, 0x0000000100000000, 0x0000000100000000)
  eden space 464896K, 100% used [0x00000000e0000000,0x00000000fc600000,0x00000000fc600000)
  from space 28160K, 99% used [0x00000000fc600000,0x00000000fe1797f0,0x00000000fe180000)
  to   space 31232K, 0% used [0x00000000fe180000,0x00000000fe180000,0x0000000100000000)
 ParOldGen       total 430592K, used 260826K [0x00000000a0000000, 0x00000000ba480000, 0x00000000e0000000)
  object space 430592K, 60% used [0x00000000a0000000,0x00000000afeb6940,0x00000000ba480000)
 Metaspace       used 73265K, capacity 76352K, committed 77824K, reserved 1116160K
  class space    used 10005K, capacity 10679K, committed 11008K, reserved 1048576K
Event: 22.848 GC heap after
Heap after GC invocations=42 (full 4):
 PSYoungGen      total 470528K, used 24833K [0x00000000e0000000, 0x0000000100000000, 0x0000000100000000)
  eden space 439296K, 0% used [0x00000000e0000000,0x00000000e0000000,0x00000000fad00000)
  from space 31232K, 79% used [0x00000000fe180000,0x00000000ff9c0510,0x0000000100000000)
  to   space 42496K, 0% used [0x00000000fad00000,0x00000000fad00000,0x00000000fd680000)
 ParOldGen       total 430592K, used 283220K [0x00000000a0000000, 0x00000000ba480000, 0x00000000e0000000)
  object space 430592K, 65% used [0x00000000a0000000,0x00000000b14952b0,0x00000000ba480000)
 Metaspace       used 73265K, capacity 76352K, committed 77824K, reserved 1116160K
  class space    used 10005K, capacity 10679K, committed 11008K, reserved 1048576K
}
Event: 24.050 GC heap before
{Heap before GC invocations=43 (full 4):
 PSYoungGen      total 470528K, used 464008K [0x00000000e0000000, 0x0000000100000000, 0x0000000100000000)
  eden space 439296K, 99% used [0x00000000e0000000,0x00000000face1b08,0x00000000fad00000)
  from space 31232K, 79% used [0x00000000fe180000,0x00000000ff9c0510,0x0000000100000000)
  to   space 42496K, 0% used [0x00000000fad00000,0x00000000fad00000,0x00000000fd680000)
 ParOldGen       total 430592K, used 283220K [0x00000000a0000000, 0x00000000ba480000, 0x00000000e0000000)
  object space 430592K, 65% used [0x00000000a0000000,0x00000000b14952b0,0x00000000ba480000)
 Metaspace       used 73331K, capacity 76488K, committed 78080K, reserved 1116160K
  class space    used 10005K, capacity 10679K, committed 11008K, reserved 1048576K
Event: 24.071 GC heap after
Heap after GC invocations=43 (full 4):
 PSYoungGen      total 481792K, used 8201K [0x00000000e0000000, 0x0000000100000000, 0x0000000100000000)
  eden space 439296K, 0% used [0x00000000e0000000,0x00000000e0000000,0x00000000fad00000)
  from space 42496K, 19% used [0x00000000fad00000,0x00000000fb502630,0x00000000fd680000)
  to   space 41984K, 0% used [0x00000000fd700000,0x00000000fd700000,0x0000000100000000)
 ParOldGen       total 430592K, used 299635K [0x00000000a0000000, 0x00000000ba480000, 0x00000000e0000000)
  object space 430592K, 69% used [0x00000000a0000000,0x00000000b249cf40,0x00000000ba480000)
 Metaspace       used 73331K, capacity 76488K, committed 78080K, reserved 1116160K
  class space    used 10005K, capacity 10679K, committed 11008K, reserved 1048576K
}
Event: 25.613 GC heap before
{Heap before GC invocations=44 (full 4):
 PSYoungGen      total 481792K, used 447497K [0x00000000e0000000, 0x0000000100000000, 0x0000000100000000)
  eden space 439296K, 100% used [0x00000000e0000000,0x00000000fad00000,0x00000000fad00000)
  from space 42496K, 19% used [0x00000000fad00000,0x00000000fb502630,0x00000000fd680000)
  to   space 41984K, 0% used [0x00000000fd700000,0x00000000fd700000,0x0000000100000000)
 ParOldGen       total 430592K, used 299635K [0x00000000a0000000, 0x00000000ba480000, 0x00000000e0000000)
  object space 430592K, 69% used [0x00000000a0000000,0x00000000b249cf40,0x00000000ba480000)
 Metaspace       used 74412K, capacity 77714K, committed 78976K, reserved 1118208K
  class space    used 10143K, capacity 10858K, committed 11136K, reserved 1048576K
Event: 25.738 GC heap after
Heap after GC invocations=44 (full 4):
 PSYoungGen      total 404480K, used 41967K [0x00000000e0000000, 0x0000000100000000, 0x0000000100000000)
  eden space 362496K, 0% used [0x00000000e0000000,0x00000000e0000000,0x00000000f6200000)
  from space 41984K, 99% used [0x00000000fd700000,0x00000000ffffbed0,0x0000000100000000)
  to   space 80896K, 0% used [0x00000000f6200000,0x00000000f6200000,0x00000000fb100000)
 ParOldGen       total 430592K, used 387384K [0x00000000a0000000, 0x00000000ba480000, 0x00000000e0000000)
  object space 430592K, 89% used [0x00000000a0000000,0x00000000b7a4e258,0x00000000ba480000)
 Metaspace       used 74412K, capacity 77714K, committed 78976K, reserved 1118208K
  class space    used 10143K, capacity 10858K, committed 11136K, reserved 1048576K
}
Event: 25.738 GC heap before
{Heap before GC invocations=45 (full 5):
 PSYoungGen      total 404480K, used 41967K [0x00000000e0000000, 0x0000000100000000, 0x0000000100000000)
  eden space 362496K, 0% used [0x00000000e0000000,0x00000000e0000000,0x00000000f6200000)
  from space 41984K, 99% used [0x00000000fd700000,0x00000000ffffbed0,0x0000000100000000)
  to   space 80896K, 0% used [0x00000000f6200000,0x00000000f6200000,0x00000000fb100000)
 ParOldGen       total 430592K, used 387384K [0x00000000a0000000, 0x00000000ba480000, 0x00000000e0000000)
  object space 430592K, 89% used [0x00000000a0000000,0x00000000b7a4e258,0x00000000ba480000)
 Metaspace       used 74412K, capacity 77714K, committed 78976K, reserved 1118208K
  class space    used 10143K, capacity 10858K, committed 11136K, reserved 1048576K
Event: 26.402 GC heap after
Heap after GC invocations=45 (full 5):
 PSYoungGen      total 404480K, used 0K [0x00000000e0000000, 0x0000000100000000, 0x0000000100000000)
  eden space 362496K, 0% used [0x00000000e0000000,0x00000000e0000000,0x00000000f6200000)
  from space 41984K, 0% used [0x00000000fd700000,0x00000000fd700000,0x0000000100000000)
  to   space 80896K, 0% used [0x00000000f6200000,0x00000000f6200000,0x00000000fb100000)
 ParOldGen       total 575488K, used 221091K [0x00000000a0000000, 0x00000000c3200000, 0x00000000e0000000)
  object space 575488K, 38% used [0x00000000a0000000,0x00000000ad7e8d40,0x00000000c3200000)
 Metaspace       used 74371K, capacity 77594K, committed 78976K, reserved 1118208K
  class space    used 10128K, capacity 10832K, committed 11136K, reserved 1048576K
}
Event: 28.099 GC heap before
{Heap before GC invocations=46 (full 5):
 PSYoungGen      total 404480K, used 362496K [0x00000000e0000000, 0x0000000100000000, 0x0000000100000000)
  eden space 362496K, 100% used [0x00000000e0000000,0x00000000f6200000,0x00000000f6200000)
  from space 41984K, 0% used [0x00000000fd700000,0x00000000fd700000,0x0000000100000000)
  to   space 80896K, 0% used [0x00000000f6200000,0x00000000f6200000,0x00000000fb100000)
 ParOldGen       total 575488K, used 221091K [0x00000000a0000000, 0x00000000c3200000, 0x00000000e0000000)
  object space 575488K, 38% used [0x00000000a0000000,0x00000000ad7e8d40,0x00000000c3200000)
 Metaspace       used 74518K, capacity 77756K, committed 78976K, reserved 1118208K
  class space    used 10136K, capacity 10839K, committed 11136K, reserved 1048576K
Event: 28.157 GC heap after
Heap after GC invocations=46 (full 5):
 PSYoungGen      total 425984K, used 63055K [0x00000000e0000000, 0x0000000100000000, 0x0000000100000000)
  eden space 362496K, 0% used [0x00000000e0000000,0x00000000e0000000,0x00000000f6200000)
  from space 63488K, 99% used [0x00000000f6200000,0x00000000f9f93e68,0x00000000fa000000)
  to   space 88576K, 0% used [0x00000000fa980000,0x00000000fa980000,0x0000000100000000)
 ParOldGen       total 575488K, used 221091K [0x00000000a0000000, 0x00000000c3200000, 0x00000000e0000000)
  object space 575488K, 38% used [0x00000000a0000000,0x00000000ad7e8d40,0x00000000c3200000)
 Metaspace       used 74518K, capacity 77756K, committed 78976K, reserved 1118208K
  class space    used 10136K, capacity 10839K, committed 11136K, reserved 1048576K
}

