# JRE version: Java(TM) SE Runtime Environment (8.0_131-b11) (build 1.8.0_131-b11)
# Java VM: Java HotSpot(TM) 64-Bit Server VM (25.131-b11 mixed mode windows-amd64 compressed oops)
Heap:
 PSYoungGen      total 352256K, used 194490K [0x00000000e0000000, 0x00000000ffd80000, 0x0000000100000000)
  eden space 182272K, 100% used [0x00000000e0000000,0x00000000eb200000,0x00000000eb200000)
  from space 169984K, 7% used [0x00000000f5100000,0x00000000f5ceeb30,0x00000000ff700000)
  to   space 162816K, 28% used [0x00000000eb200000,0x00000000edf5ffb8,0x00000000f5100000)
 ParOldGen       total 728576K, used 418805K [0x00000000a0000000, 0x00000000cc780000, 0x00000000e0000000)
  object space 728576K, 57% used [0x00000000a0000000,0x00000000b98fd578,0x00000000cc780000)
 Metaspace       used 161376K, capacity 168648K, committed 171392K, reserved 1198080K
  class space    used 20282K, capacity 21647K, committed 22144K, reserved 1048576K
GC Heap History (10 events):
Event: 7193.145 GC heap after
Heap after GC invocations=72 (full 6):
 PSYoungGen      total 349696K, used 11264K [0x00000000e0000000, 0x0000000100000000, 0x0000000100000000)
  eden space 175104K, 0% used [0x00000000e0000000,0x00000000e0000000,0x00000000eab00000)
  from space 174592K, 6% used [0x00000000f5580000,0x00000000f60802b8,0x0000000100000000)
  to   space 174592K, 0% used [0x00000000eab00000,0x00000000eab00000,0x00000000f5580000)
 ParOldGen       total 728576K, used 388674K [0x00000000a0000000, 0x00000000cc780000, 0x00000000e0000000)
  object space 728576K, 53% used [0x00000000a0000000,0x00000000b7b90b28,0x00000000cc780000)
 Metaspace       used 160634K, capacity 167608K, committed 171392K, reserved 1198080K
  class space    used 20182K, capacity 21455K, committed 22144K, reserved 1048576K
}
Event: 7193.634 GC heap before
{Heap before GC invocations=73 (full 6):
 PSYoungGen      total 349696K, used 186368K [0x00000000e0000000, 0x0000000100000000, 0x0000000100000000)
  eden space 175104K, 100% used [0x00000000e0000000,0x00000000eab00000,0x00000000eab00000)
  from space 174592K, 6% used [0x00000000f5580000,0x00000000f60802b8,0x0000000100000000)
  to   space 174592K, 0% used [0x00000000eab00000,0x00000000eab00000,0x00000000f5580000)
 ParOldGen       total 728576K, used 388674K [0x00000000a0000000, 0x00000000cc780000, 0x00000000e0000000)
  object space 728576K, 53% used [0x00000000a0000000,0x00000000b7b90b28,0x00000000cc780000)
 Metaspace       used 160634K, capacity 167608K, committed 171392K, reserved 1198080K
  class space    used 20182K, capacity 21455K, committed 22144K, reserved 1048576K
Event: 7193.655 GC heap after
Heap after GC invocations=73 (full 6):
 PSYoungGen      total 349696K, used 22566K [0x00000000e0000000, 0x0000000100000000, 0x0000000100000000)
  eden space 175104K, 0% used [0x00000000e0000000,0x00000000e0000000,0x00000000eab00000)
  from space 174592K, 12% used [0x00000000eab00000,0x00000000ec109a18,0x00000000f5580000)
  to   space 174592K, 0% used [0x00000000f5580000,0x00000000f5580000,0x0000000100000000)
 ParOldGen       total 728576K, used 396884K [0x00000000a0000000, 0x00000000cc780000, 0x00000000e0000000)
  object space 728576K, 54% used [0x00000000a0000000,0x00000000b8395120,0x00000000cc780000)
 Metaspace       used 160634K, capacity 167608K, committed 171392K, reserved 1198080K
  class space    used 20182K, capacity 21455K, committed 22144K, reserved 1048576K
}
Event: 7194.330 GC heap before
{Heap before GC invocations=74 (full 6):
 PSYoungGen      total 349696K, used 197670K [0x00000000e0000000, 0x0000000100000000, 0x0000000100000000)
  eden space 175104K, 100% used [0x00000000e0000000,0x00000000eab00000,0x00000000eab00000)
  from space 174592K, 12% used [0x00000000eab00000,0x00000000ec109a18,0x00000000f5580000)
  to   space 174592K, 0% used [0x00000000f5580000,0x00000000f5580000,0x0000000100000000)
 ParOldGen       total 728576K, used 396884K [0x00000000a0000000, 0x00000000cc780000, 0x00000000e0000000)
  object space 728576K, 54% used [0x00000000a0000000,0x00000000b8395120,0x00000000cc780000)
 Metaspace       used 160684K, capacity 167680K, committed 171392K, reserved 1198080K
  class space    used 20189K, capacity 21467K, committed 22144K, reserved 1048576K
Event: 7194.346 GC heap after
Heap after GC invocations=74 (full 6):
 PSYoungGen      total 349696K, used 18426K [0x00000000e0000000, 0x0000000100000000, 0x0000000100000000)
  eden space 175104K, 0% used [0x00000000e0000000,0x00000000e0000000,0x00000000eab00000)
  from space 174592K, 10% used [0x00000000f5580000,0x00000000f677ea78,0x0000000100000000)
  to   space 174592K, 0% used [0x00000000eab00000,0x00000000eab00000,0x00000000f5580000)
 ParOldGen       total 728576K, used 406164K [0x00000000a0000000, 0x00000000cc780000, 0x00000000e0000000)
  object space 728576K, 55% used [0x00000000a0000000,0x00000000b8ca53b8,0x00000000cc780000)
 Metaspace       used 160684K, capacity 167680K, committed 171392K, reserved 1198080K
  class space    used 20189K, capacity 21467K, committed 22144K, reserved 1048576K
}
Event: 7195.110 GC heap before
{Heap before GC invocations=75 (full 6):
 PSYoungGen      total 349696K, used 193530K [0x00000000e0000000, 0x0000000100000000, 0x0000000100000000)
  eden space 175104K, 100% used [0x00000000e0000000,0x00000000eab00000,0x00000000eab00000)
  from space 174592K, 10% used [0x00000000f5580000,0x00000000f677ea78,0x0000000100000000)
  to   space 174592K, 0% used [0x00000000eab00000,0x00000000eab00000,0x00000000f5580000)
 ParOldGen       total 728576K, used 406164K [0x00000000a0000000, 0x00000000cc780000, 0x00000000e0000000)
  object space 728576K, 55% used [0x00000000a0000000,0x00000000b8ca53b8,0x00000000cc780000)
 Metaspace       used 160783K, capacity 167836K, committed 171392K, reserved 1198080K
  class space    used 20203K, capacity 21493K, committed 22144K, reserved 1048576K
Event: 7195.118 GC heap after
Heap after GC invocations=75 (full 6):
 PSYoungGen      total 176128K, used 800K [0x00000000e0000000, 0x00000000ff700000, 0x0000000100000000)
  eden space 175104K, 0% used [0x00000000e0000000,0x00000000e0000000,0x00000000eab00000)
  from space 1024K, 78% used [0x00000000eab00000,0x00000000eabc8020,0x00000000eac00000)
  to   space 169984K, 0% used [0x00000000f5100000,0x00000000f5100000,0x00000000ff700000)
 ParOldGen       total 728576K, used 406690K [0x00000000a0000000, 0x00000000cc780000, 0x00000000e0000000)
  object space 728576K, 55% used [0x00000000a0000000,0x00000000b8d28aa8,0x00000000cc780000)
 Metaspace       used 160783K, capacity 167836K, committed 171392K, reserved 1198080K
  class space    used 20203K, capacity 21493K, committed 22144K, reserved 1048576K
}
Event: 8470.846 GC heap before
{Heap before GC invocations=76 (full 6):
 PSYoungGen      total 176128K, used 175904K [0x00000000e0000000, 0x00000000ff700000, 0x0000000100000000)
  eden space 175104K, 100% used [0x00000000e0000000,0x00000000eab00000,0x00000000eab00000)
  from space 1024K, 78% used [0x00000000eab00000,0x00000000eabc8020,0x00000000eac00000)
  to   space 169984K, 0% used [0x00000000f5100000,0x00000000f5100000,0x00000000ff700000)
 ParOldGen       total 728576K, used 406690K [0x00000000a0000000, 0x00000000cc780000, 0x00000000e0000000)
  object space 728576K, 55% used [0x00000000a0000000,0x00000000b8d28aa8,0x00000000cc780000)
 Metaspace       used 161222K, capacity 168476K, committed 171392K, reserved 1198080K
  class space    used 20268K, capacity 21607K, committed 22144K, reserved 1048576K
Event: 8470.858 GC heap after
Heap after GC invocations=76 (full 6):
 PSYoungGen      total 352256K, used 12218K [0x00000000e0000000, 0x00000000ffd80000, 0x0000000100000000)
  eden space 182272K, 0% used [0x00000000e0000000,0x00000000e0000000,0x00000000eb200000)
  from space 169984K, 7% used [0x00000000f5100000,0x00000000f5ceeb30,0x00000000ff700000)
  to   space 162816K, 0% used [0x00000000eb200000,0x00000000eb200000,0x00000000f5100000)
 ParOldGen       total 728576K, used 407242K [0x00000000a0000000, 0x00000000cc780000, 0x00000000e0000000)
  object space 728576K, 55% used [0x00000000a0000000,0x00000000b8db2ae8,0x00000000cc780000)
 Metaspace       used 161222K, capacity 168476K, committed 171392K, reserved 1198080K
  class space    used 20268K, capacity 21607K, committed 22144K, reserved 1048576K
}
Event: 8471.940 GC heap before
{Heap before GC invocations=77 (full 6):
 PSYoungGen      total 352256K, used 194490K [0x00000000e0000000, 0x00000000ffd80000, 0x0000000100000000)
  eden space 182272K, 100% used [0x00000000e0000000,0x00000000eb200000,0x00000000eb200000)
  from space 169984K, 7% used [0x00000000f5100000,0x00000000f5ceeb30,0x00000000ff700000)
  to   space 162816K, 0% used [0x00000000eb200000,0x00000000eb200000,0x00000000f5100000)
 ParOldGen       total 728576K, used 407242K [0x00000000a0000000, 0x00000000cc780000, 0x00000000e0000000)
  object space 728576K, 55% used [0x00000000a0000000,0x00000000b8db2ae8,0x00000000cc780000)
 Metaspace       used 161376K, capacity 168648K, committed 171392K, reserved 1198080K
  class space    used 20282K, capacity 21647K, committed 22144K, reserved 1048576K

